[INFO] Error stacktraces are turned on.
[INFO] Scanning for projects...
[INFO] Inspecting build with total of 2 modules...
[INFO] Installing Nexus Staging features:
[INFO]   ... total of 2 executions of maven-deploy-plugin replaced with nexus-staging-maven-plugin
[INFO] ------------------------------------------------------------------------
[INFO] Reactor Build Order:
[INFO] 
[INFO] Cucumber-JVM                                                       [pom]
[INFO] Cucumber-JVM: Core                                                 [jar]
[INFO] 
[INFO] ----------------------< io.cucumber:cucumber-jvm >----------------------
[INFO] Building Cucumber-JVM 4.2.1-SNAPSHOT                               [1/2]
[INFO] --------------------------------[ pom ]---------------------------------
[INFO] 
[INFO] --- maven-clean-plugin:3.1.0:clean (default-clean) @ cucumber-jvm ---
[INFO] 
[INFO] --- maven-enforcer-plugin:3.0.0-M1:enforce (enforce) @ cucumber-jvm ---
[INFO] 
[INFO] --- jacoco-maven-plugin:0.8.2:prepare-agent (pre-unit-test) @ cucumber-jvm ---
[INFO] surefireArgLine set to -javaagent:C:\\Users\\Heiko\\.m2\\repository\\org\\jacoco\\org.jacoco.agent\\0.8.2\\org.jacoco.agent-0.8.2-runtime.jar=destfile=C:\\projects\\src.2018.4\\cucumber-jvm-hko\\cucumber-jvm\\target\\coverage-reports\\jacoco-ut.exec
[INFO] 
[INFO] --- jacoco-maven-plugin:0.8.2:report (post-unit-test) @ cucumber-jvm ---
[INFO] Skipping JaCoCo execution due to missing execution data file.
[INFO] 
[INFO] --- maven-install-plugin:3.0.0-M1:install (default-install) @ cucumber-jvm ---
[INFO] Installing C:\projects\src.2018.4\cucumber-jvm-hko\cucumber-jvm\pom_swtbot.xml to C:\Users\Heiko\.m2\repository\io\cucumber\cucumber-jvm\4.2.1-SNAPSHOT\cucumber-jvm-4.2.1-SNAPSHOT.pom
[INFO] 
[INFO] ---------------------< io.cucumber:cucumber-core >----------------------
[INFO] Building Cucumber-JVM: Core 4.2.1-SNAPSHOT                         [2/2]
[INFO] --------------------------------[ jar ]---------------------------------
[WARNING] The POM for org.webbitserver:webbit-rest:jar:0.3.0 is invalid, transitive dependencies (if any) will not be available, enable debug logging for more details
[INFO] 
[INFO] --- maven-clean-plugin:3.1.0:clean (default-clean) @ cucumber-core ---
[INFO] Deleting C:\projects\src.2018.4\cucumber-jvm-hko\cucumber-jvm\core\target
[INFO] 
[INFO] --- maven-enforcer-plugin:3.0.0-M1:enforce (enforce) @ cucumber-core ---
[INFO] 
[INFO] --- jacoco-maven-plugin:0.8.2:prepare-agent (pre-unit-test) @ cucumber-core ---
[INFO] surefireArgLine set to -javaagent:C:\\Users\\Heiko\\.m2\\repository\\org\\jacoco\\org.jacoco.agent\\0.8.2\\org.jacoco.agent-0.8.2-runtime.jar=destfile=C:\\projects\\src.2018.4\\cucumber-jvm-hko\\cucumber-jvm\\core\\target\\coverage-reports\\jacoco-ut.exec
[INFO] 
[INFO] --- maven-resources-plugin:3.1.0:resources (default-resources) @ cucumber-core ---
[INFO] Using 'UTF-8' encoding to copy filtered resources.
[INFO] Copying 13 resources
[INFO] 
[INFO] --- maven-compiler-plugin:3.8.0:compile (default-compile) @ cucumber-core ---
[INFO] Changes detected - recompiling the module!
[INFO] Compiling 182 source files to C:\projects\src.2018.4\cucumber-jvm-hko\cucumber-jvm\core\target\classes
[INFO] /C:/projects/src.2018.4/cucumber-jvm-hko/cucumber-jvm/core/src/main/java/cucumber/runtime/formatter/JSONFormatter.java: Some input files use unchecked or unsafe operations.
[INFO] /C:/projects/src.2018.4/cucumber-jvm-hko/cucumber-jvm/core/src/main/java/cucumber/runtime/formatter/JSONFormatter.java: Recompile with -Xlint:unchecked for details.
[INFO] 
[INFO] --- maven-resources-plugin:3.1.0:testResources (default-testResources) @ cucumber-core ---
[INFO] Using 'UTF-8' encoding to copy filtered resources.
[INFO] Copying 16 resources
[INFO] 
[INFO] --- maven-compiler-plugin:3.8.0:testCompile (default-testCompile) @ cucumber-core ---
[INFO] Changes detected - recompiling the module!
[INFO] Compiling 78 source files to C:\projects\src.2018.4\cucumber-jvm-hko\cucumber-jvm\core\target\test-classes
[INFO] /C:/projects/src.2018.4/cucumber-jvm-hko/cucumber-jvm/core/src/test/java/io/cucumber/stepexpression/StepExpressionFactoryTest.java: Some input files use unchecked or unsafe operations.
[INFO] /C:/projects/src.2018.4/cucumber-jvm-hko/cucumber-jvm/core/src/test/java/io/cucumber/stepexpression/StepExpressionFactoryTest.java: Recompile with -Xlint:unchecked for details.
[INFO] 
[INFO] --- maven-surefire-plugin:2.22.0:test (default-test) @ cucumber-core ---
[INFO] Surefire report directory: C:\projects\src.2018.4\cucumber-jvm-hko\cucumber-jvm\core\target\surefire-reports
[INFO] 
[INFO] -------------------------------------------------------
[INFO]  T E S T S
[INFO] -------------------------------------------------------
[INFO] Running cucumber.api.event.CanonicalEventOrderTest
[INFO] Tests run: 5, Failures: 0, Errors: 0, Skipped: 0, Time elapsed: 1.322 s - in cucumber.api.event.CanonicalEventOrderTest
[INFO] Running cucumber.api.ResultTest
[INFO] Tests run: 8, Failures: 0, Errors: 0, Skipped: 0, Time elapsed: 0.022 s - in cucumber.api.ResultTest
[INFO] Running cucumber.runner.AmbiguousStepDefinitionMatchsTest
[INFO] Tests run: 2, Failures: 0, Errors: 0, Skipped: 0, Time elapsed: 0.148 s - in cucumber.runner.AmbiguousStepDefinitionMatchsTest
[INFO] Running cucumber.runner.EventBusTest
[INFO] Tests run: 2, Failures: 0, Errors: 0, Skipped: 0, Time elapsed: 0.121 s - in cucumber.runner.EventBusTest
[INFO] Running cucumber.runner.FailedStepInstantiationMatchTest
[INFO] Tests run: 2, Failures: 0, Errors: 0, Skipped: 0, Time elapsed: 0.207 s - in cucumber.runner.FailedStepInstantiationMatchTest
[INFO] Running cucumber.runner.GlueTest
[INFO] Tests run: 6, Failures: 0, Errors: 0, Skipped: 0, Time elapsed: 0.187 s - in cucumber.runner.GlueTest
[INFO] Running cucumber.runner.HookOrderTest
[INFO] Tests run: 5, Failures: 0, Errors: 0, Skipped: 0, Time elapsed: 0.078 s - in cucumber.runner.HookOrderTest
[INFO] Running cucumber.runner.HookTest
[INFO] Tests run: 1, Failures: 0, Errors: 0, Skipped: 0, Time elapsed: 0.046 s - in cucumber.runner.HookTest
[INFO] Running cucumber.runner.HookTestStepTest
[INFO] Tests run: 4, Failures: 0, Errors: 0, Skipped: 0, Time elapsed: 0.073 s - in cucumber.runner.HookTestStepTest
[INFO] Running cucumber.runner.PickleStepTestStepTest
[INFO] Tests run: 17, Failures: 0, Errors: 0, Skipped: 0, Time elapsed: 0.172 s - in cucumber.runner.PickleStepTestStepTest
[INFO] Running cucumber.runner.RunnerTest
[INFO] Tests run: 10, Failures: 0, Errors: 0, Skipped: 0, Time elapsed: 0.001 s - in cucumber.runner.RunnerTest
[INFO] Running cucumber.runner.ScenarioResultTest
[INFO] Tests run: 10, Failures: 0, Errors: 0, Skipped: 0, Time elapsed: 0.052 s - in cucumber.runner.ScenarioResultTest
[INFO] Running cucumber.runner.ScenarioTest
[INFO] Tests run: 5, Failures: 0, Errors: 0, Skipped: 0, Time elapsed: 0.001 s - in cucumber.runner.ScenarioTest
[INFO] Running cucumber.runner.SingletonRunnerSupplierTest
[INFO] Tests run: 2, Failures: 0, Errors: 0, Skipped: 0, Time elapsed: 1.045 s - in cucumber.runner.SingletonRunnerSupplierTest
[INFO] Running cucumber.runner.StepDefinitionMatchTest
[INFO] Tests run: 8, Failures: 0, Errors: 0, Skipped: 0, Time elapsed: 0 s - in cucumber.runner.StepDefinitionMatchTest
[INFO] Running cucumber.runner.TestCaseTest
[INFO] Tests run: 5, Failures: 0, Errors: 0, Skipped: 0, Time elapsed: 0 s - in cucumber.runner.TestCaseTest
[INFO] Running cucumber.runner.TimeServiceTest
[INFO] Tests run: 1, Failures: 0, Errors: 0, Skipped: 0, Time elapsed: 0.23 s - in cucumber.runner.TimeServiceTest
[INFO] Running cucumber.runner.UndefinedStepDefinitionMatchTest
[INFO] Tests run: 2, Failures: 0, Errors: 0, Skipped: 0, Time elapsed: 0 s - in cucumber.runner.UndefinedStepDefinitionMatchTest
[INFO] Running cucumber.runtime.BackendModuleBackendSupplierTest
[INFO] Tests run: 2, Failures: 0, Errors: 0, Skipped: 0, Time elapsed: 0.03 s - in cucumber.runtime.BackendModuleBackendSupplierTest
[INFO] Running cucumber.runtime.EnvTest
[INFO] Tests run: 7, Failures: 0, Errors: 0, Skipped: 0, Time elapsed: 0 s - in cucumber.runtime.EnvTest
[INFO] Running cucumber.runtime.ExitStatusTest
[INFO] Tests run: 32, Failures: 0, Errors: 0, Skipped: 0, Time elapsed: 0.01 s - in cucumber.runtime.ExitStatusTest
[INFO] Running cucumber.runtime.filter.LinePredicateTest
[INFO] Tests run: 4, Failures: 0, Errors: 0, Skipped: 0, Time elapsed: 0 s - in cucumber.runtime.filter.LinePredicateTest
[INFO] Running cucumber.runtime.filter.NamePredicateTest
[INFO] Tests run: 4, Failures: 0, Errors: 0, Skipped: 0, Time elapsed: 0 s - in cucumber.runtime.filter.NamePredicateTest
[INFO] Running cucumber.runtime.filter.TagPredicateTest
[INFO] Tests run: 16, Failures: 0, Errors: 0, Skipped: 0, Time elapsed: 0.095 s - in cucumber.runtime.filter.TagPredicateTest
[INFO] Running cucumber.runtime.formatter.AverageUsageStatisticStrategyTest
[INFO] Tests run: 4, Failures: 0, Errors: 0, Skipped: 0, Time elapsed: 0 s - in cucumber.runtime.formatter.AverageUsageStatisticStrategyTest
[INFO] Running cucumber.runtime.formatter.HTMLFormatterTest
..
1 Scenarios (1 passed)
2 Steps (2 passed)
0m0,000s


....
2 Scenarios (2 passed)
4 Steps (4 passed)
0m0,000s


....
2 Scenarios (2 passed)
4 Steps (4 passed)
0m0,000s


.printed from hook.printed from hook
1 Scenarios (1 passed)
2 Steps (2 passed)
0m0,000s


.
1 Scenarios (1 passed)
1 Steps (1 passed)
0m0,000s


.
1 Scenarios (1 passed)
1 Steps (1 passed)
0m0,000s


.printed from hook
1 Scenarios (1 passed)
1 Steps (1 passed)
0m0,000s


.
1 Scenarios (1 passed)
1 Steps (1 passed)
0m0,000s


..
1 Scenarios (1 passed)
2 Steps (2 passed)
0m0,000s


printed from hook.
1 Scenarios (1 passed)
1 Steps (1 passed)
0m0,000s


.
1 Scenarios (1 passed)
1 Steps (1 passed)
0m0,000s


.
1 Scenarios (1 passed)
1 Steps (1 passed)
0m0,000s


.
1 Scenarios (1 passed)
1 Steps (1 passed)
0m0,000s


.
1 Scenarios (1 passed)
1 Steps (1 passed)
0m0,000s


[INFO] Tests run: 14, Failures: 0, Errors: 0, Skipped: 0, Time elapsed: 1.356 s - in cucumber.runtime.formatter.HTMLFormatterTest
[INFO] Running cucumber.runtime.formatter.JSONFormatterTest
....
2 Scenarios (2 passed)
4 Steps (4 passed)
0m0,004s


UUUUUUUUUUUUUUUUUUUUUUUUU
Undefined scenarios:
cucumber/runtime/formatter/JSONPrettyFormatterTest.feature:8 # Scenario_1
cucumber/runtime/formatter/JSONPrettyFormatterTest.feature:21 # ScenarioOutline_1
cucumber/runtime/formatter/JSONPrettyFormatterTest.feature:22 # ScenarioOutline_1
cucumber/runtime/formatter/JSONPrettyFormatterTest.feature:24 # Scenario_2

4 Scenarios (4 undefined)
25 Steps (25 undefined)
0m0,000s


You can implement missing steps with the snippets below:

TEST SNIPPET

printed from hook.
1 Scenarios (1 passed)
1 Steps (1 passed)
0m0,002s


UUUUUUUUUUUUUUUUUUUUUUUUU
Undefined scenarios:
cucumber/runtime/formatter/JSONPrettyFormatterTest.feature:8 # Scenario_1
cucumber/runtime/formatter/JSONPrettyFormatterTest.feature:21 # ScenarioOutline_1
cucumber/runtime/formatter/JSONPrettyFormatterTest.feature:22 # ScenarioOutline_1
cucumber/runtime/formatter/JSONPrettyFormatterTest.feature:24 # Scenario_2

4 Scenarios (4 undefined)
25 Steps (25 undefined)
0m0,000s


You can implement missing steps with the snippets below:

TEST SNIPPET

U
Undefined scenarios:
path/test.feature:3 # Monkey eats bananas

1 Scenarios (1 undefined)
1 Steps (1 undefined)
0m0,000s


..
2 Scenarios (2 passed)
2 Steps (2 passed)
0m0,002s


.
1 Scenarios (1 passed)
1 Steps (1 passed)
0m0,001s


.
1 Scenarios (1 passed)
1 Steps (1 passed)
0m0,001s


.
1 Scenarios (1 passed)
1 Steps (1 passed)
0m0,001s


.
1 Scenarios (1 passed)
1 Steps (1 passed)
0m0,001s


.
1 Scenarios (1 passed)
1 Steps (1 passed)
0m0,002s


F
Failed scenarios:
path/test.feature:3 # Monkey eats bananas

1 Scenarios (1 failed)
1 Steps (1 failed)
0m0,001s



..
1 Scenarios (1 passed)
2 Steps (2 passed)
0m0,008s


.
1 Scenarios (1 passed)
1 Steps (1 passed)
0m0,003s


.
1 Scenarios (1 passed)
1 Steps (1 passed)
0m0,001s


.
1 Scenarios (1 passed)
1 Steps (1 passed)
0m0,001s


[INFO] Tests run: 16, Failures: 0, Errors: 0, Skipped: 0, Time elapsed: 0.237 s - in cucumber.runtime.formatter.JSONFormatterTest
[INFO] Running cucumber.runtime.formatter.JsonParallelRuntimeTest
UUUUUUUUUUUUUUUUUUUUUUUUU
Undefined scenarios:
src/test/resources/cucumber/runtime/formatter/JSONPrettyFormatterTest.feature:8 # Scenario_1
src/test/resources/cucumber/runtime/formatter/JSONPrettyFormatterTest.feature:21 # ScenarioOutline_1
src/test/resources/cucumber/runtime/formatter/JSONPrettyFormatterTest.feature:22 # ScenarioOutline_1
src/test/resources/cucumber/runtime/formatter/JSONPrettyFormatterTest.feature:24 # Scenario_2

4 Scenarios (4 undefined)
25 Steps (25 undefined)
0m0,104s


UUUUUUUUUUUUUUUUUUUUUUUUU
Undefined scenarios:
src/test/resources/cucumber/runtime/formatter/JSONPrettyFormatterTest.feature:8 # Scenario_1
src/test/resources/cucumber/runtime/formatter/JSONPrettyFormatterTest.feature:21 # ScenarioOutline_1
src/test/resources/cucumber/runtime/formatter/JSONPrettyFormatterTest.feature:22 # ScenarioOutline_1
src/test/resources/cucumber/runtime/formatter/JSONPrettyFormatterTest.feature:24 # Scenario_2

4 Scenarios (4 undefined)
25 Steps (25 undefined)
0m0,041s


UUUUUUUUUUUUUUUUUUUUUUUUUUUUUUUUUUUUUUUUUUUUUUUUUU
Undefined scenarios:
src/test/resources/cucumber/runtime/formatter/FormatterInParallel.feature:8 # Scenario_1
src/test/resources/cucumber/runtime/formatter/FormatterInParallel.feature:21 # ScenarioOutline_1_parallel
src/test/resources/cucumber/runtime/formatter/FormatterInParallel.feature:22 # ScenarioOutline_1_parallel
src/test/resources/cucumber/runtime/formatter/FormatterInParallel.feature:24 # Scenario_2
src/test/resources/cucumber/runtime/formatter/JSONPrettyFormatterTest.feature:8 # Scenario_1
src/test/resources/cucumber/runtime/formatter/JSONPrettyFormatterTest.feature:21 # ScenarioOutline_1
src/test/resources/cucumber/runtime/formatter/JSONPrettyFormatterTest.feature:22 # ScenarioOutline_1
src/test/resources/cucumber/runtime/formatter/JSONPrettyFormatterTest.feature:24 # Scenario_2

8 Scenarios (8 undefined)
50 Steps (50 undefined)
0m0,096s


UUUUUUUUUUUUUUUUUUUUUUUUUUUUUUUUUUUUUUUUUUUUUUUUUU
Undefined scenarios:
src/test/resources/cucumber/runtime/formatter/FormatterInParallel.feature:8 # Scenario_1
src/test/resources/cucumber/runtime/formatter/FormatterInParallel.feature:21 # ScenarioOutline_1_parallel
src/test/resources/cucumber/runtime/formatter/FormatterInParallel.feature:22 # ScenarioOutline_1_parallel
src/test/resources/cucumber/runtime/formatter/FormatterInParallel.feature:24 # Scenario_2
src/test/resources/cucumber/runtime/formatter/JSONPrettyFormatterTest.feature:8 # Scenario_1
src/test/resources/cucumber/runtime/formatter/JSONPrettyFormatterTest.feature:21 # ScenarioOutline_1
src/test/resources/cucumber/runtime/formatter/JSONPrettyFormatterTest.feature:22 # ScenarioOutline_1
src/test/resources/cucumber/runtime/formatter/JSONPrettyFormatterTest.feature:24 # Scenario_2

8 Scenarios (8 undefined)
50 Steps (50 undefined)
0m0,031s


[INFO] Tests run: 2, Failures: 0, Errors: 0, Skipped: 0, Time elapsed: 0.312 s - in cucumber.runtime.formatter.JsonParallelRuntimeTest
[INFO] Running cucumber.runtime.formatter.JUnitFormatterTest
......
2 Scenarios (2 passed)
6 Steps (6 passed)
0m0,006s



Undefined scenarios:
cucumber/runtime/formatter/JUnitFormatterTest_3.feature:8 # Scenario_1
cucumber/runtime/formatter/JUnitFormatterTest_3.feature:20 # ScenarioOutline_1
cucumber/runtime/formatter/JUnitFormatterTest_3.feature:21 # ScenarioOutline_1
cucumber/runtime/formatter/JUnitFormatterTest_3.feature:23 # Scenario_2

4 Scenarios (4 undefined)
24 Steps (24 undefined)
0m0,000s

---
Pending scenarios:
path/test.feature:2 # scenario name

1 Scenarios (1 pending)
3 Steps (3 skipped)
0m0,004s

cucumber.api.PendingException: TODO: implement me
	at cucumber.runner.HookDefinitionMatch.runStep(HookDefinitionMatch.java:16)
	at cucumber.runner.TestStep.executeStep(TestStep.java:63)
	at cucumber.runner.TestStep.run(TestStep.java:49)
	at cucumber.runner.TestCase.run(TestCase.java:40)
	at cucumber.runner.Runner.runPickle(Runner.java:40)
	at cucumber.runtime.Runtime$1.run(Runtime.java:84)
	at cucumber.runtime.Runtime$SameThreadExecutorService.execute(Runtime.java:220)
	at cucumber.runtime.Runtime.run(Runtime.java:81)
	at cucumber.runner.TestHelper.run(TestHelper.java:309)
	at cucumber.runtime.formatter.JUnitFormatterTest.runFeaturesWithFormatter(JUnitFormatterTest.java:544)
	at cucumber.runtime.formatter.JUnitFormatterTest.should_handle_pending_in_before_hook(JUnitFormatterTest.java:246)
	at sun.reflect.NativeMethodAccessorImpl.invoke0(Native Method)
	at sun.reflect.NativeMethodAccessorImpl.invoke(NativeMethodAccessorImpl.java:62)
	at sun.reflect.DelegatingMethodAccessorImpl.invoke(DelegatingMethodAccessorImpl.java:43)
	at java.lang.reflect.Method.invoke(Method.java:498)
	at org.junit.runners.model.FrameworkMethod$1.runReflectiveCall(FrameworkMethod.java:50)
	at org.junit.internal.runners.model.ReflectiveCallable.run(ReflectiveCallable.java:12)
	at org.junit.runners.model.FrameworkMethod.invokeExplosively(FrameworkMethod.java:47)
	at org.junit.internal.runners.statements.InvokeMethod.evaluate(InvokeMethod.java:17)
	at org.junit.runners.ParentRunner.runLeaf(ParentRunner.java:325)
	at org.junit.runners.BlockJUnit4ClassRunner.runChild(BlockJUnit4ClassRunner.java:78)
	at org.junit.runners.BlockJUnit4ClassRunner.runChild(BlockJUnit4ClassRunner.java:57)
	at org.junit.runners.ParentRunner$3.run(ParentRunner.java:290)
	at org.junit.runners.ParentRunner$1.schedule(ParentRunner.java:71)
	at org.junit.runners.ParentRunner.runChildren(ParentRunner.java:288)
	at org.junit.runners.ParentRunner.access$000(ParentRunner.java:58)
	at org.junit.runners.ParentRunner$2.evaluate(ParentRunner.java:268)
	at org.junit.runners.ParentRunner.run(ParentRunner.java:363)
	at org.apache.maven.surefire.junit4.JUnit4Provider.execute(JUnit4Provider.java:365)
	at org.apache.maven.surefire.junit4.JUnit4Provider.executeWithRerun(JUnit4Provider.java:273)
	at org.apache.maven.surefire.junit4.JUnit4Provider.executeTestSet(JUnit4Provider.java:238)
	at org.apache.maven.surefire.junit4.JUnit4Provider.invoke(JUnit4Provider.java:159)
	at org.apache.maven.surefire.booter.ForkedBooter.invokeProviderInSameClassLoader(ForkedBooter.java:383)
	at org.apache.maven.surefire.booter.ForkedBooter.runSuitesInProcess(ForkedBooter.java:344)
	at org.apache.maven.surefire.booter.ForkedBooter.execute(ForkedBooter.java:125)
	at org.apache.maven.surefire.booter.ForkedBooter.main(ForkedBooter.java:417)


..F
Failed scenarios:
path/test.feature:2 # scenario name

1 Scenarios (1 failed)
3 Steps (1 failed, 2 passed)
0m0,003s




Undefined scenarios:
cucumber/runtime/formatter/JUnitFormatterTest_1.feature:4 # Scenario_1
cucumber/runtime/formatter/JUnitFormatterTest_1.feature:9 # Scenario_2

2 Scenarios (2 undefined)
6 Steps (6 undefined)
0m0,000s

...
1 Scenarios (1 passed)
3 Steps (3 passed)
0m0,003s


............
4 Scenarios (4 passed)
12 Steps (12 passed)
0m0,012s



Undefined scenarios:
cucumber/runtime/formatter/JUnitFormatterTest_2.feature:8 # Scenario_1
cucumber/runtime/formatter/JUnitFormatterTest_2.feature:13 # Scenario_2

2 Scenarios (2 undefined)
12 Steps (12 undefined)
0m0,000s

---
1 Scenarios (1 skipped)
3 Steps (3 skipped)
0m0,003s

org.junit.AssumptionViolatedException: message
	at cucumber.runtime.formatter.JUnitFormatterTest.should_format_skipped_scenario(JUnitFormatterTest.java:112)
	at sun.reflect.NativeMethodAccessorImpl.invoke0(Native Method)
	at sun.reflect.NativeMethodAccessorImpl.invoke(NativeMethodAccessorImpl.java:62)
	at sun.reflect.DelegatingMethodAccessorImpl.invoke(DelegatingMethodAccessorImpl.java:43)
	at java.lang.reflect.Method.invoke(Method.java:498)
	at org.junit.runners.model.FrameworkMethod$1.runReflectiveCall(FrameworkMethod.java:50)
	at org.junit.internal.runners.model.ReflectiveCallable.run(ReflectiveCallable.java:12)
	at org.junit.runners.model.FrameworkMethod.invokeExplosively(FrameworkMethod.java:47)
	at org.junit.internal.runners.statements.InvokeMethod.evaluate(InvokeMethod.java:17)
	at org.junit.runners.ParentRunner.runLeaf(ParentRunner.java:325)
	at org.junit.runners.BlockJUnit4ClassRunner.runChild(BlockJUnit4ClassRunner.java:78)
	at org.junit.runners.BlockJUnit4ClassRunner.runChild(BlockJUnit4ClassRunner.java:57)
	at org.junit.runners.ParentRunner$3.run(ParentRunner.java:290)
	at org.junit.runners.ParentRunner$1.schedule(ParentRunner.java:71)
	at org.junit.runners.ParentRunner.runChildren(ParentRunner.java:288)
	at org.junit.runners.ParentRunner.access$000(ParentRunner.java:58)
	at org.junit.runners.ParentRunner$2.evaluate(ParentRunner.java:268)
	at org.junit.runners.ParentRunner.run(ParentRunner.java:363)
	at org.apache.maven.surefire.junit4.JUnit4Provider.execute(JUnit4Provider.java:365)
	at org.apache.maven.surefire.junit4.JUnit4Provider.executeWithRerun(JUnit4Provider.java:273)
	at org.apache.maven.surefire.junit4.JUnit4Provider.executeTestSet(JUnit4Provider.java:238)
	at org.apache.maven.surefire.junit4.JUnit4Provider.invoke(JUnit4Provider.java:159)
	at org.apache.maven.surefire.booter.ForkedBooter.invokeProviderInSameClassLoader(ForkedBooter.java:383)
	at org.apache.maven.surefire.booter.ForkedBooter.runSuitesInProcess(ForkedBooter.java:344)
	at org.apache.maven.surefire.booter.ForkedBooter.execute(ForkedBooter.java:125)
	at org.apache.maven.surefire.booter.ForkedBooter.main(ForkedBooter.java:417)
	at ?.first step(path/test.feature:3)


F---
Failed scenarios:
path/test.feature:2 # scenario name

1 Scenarios (1 failed)
3 Steps (3 skipped)
0m0,004s



F---
Failed scenarios:
path/test.feature:4 # scenario name

1 Scenarios (1 failed)
3 Steps (3 skipped)
0m0,004s



...F
Failed scenarios:
path/test.feature:2 # scenario name

1 Scenarios (1 failed)
3 Steps (3 passed)
0m0,004s



......
2 Scenarios (2 passed)
6 Steps (6 passed)
0m0,006s



Undefined scenarios:
cucumber/runtime/formatter/JUnitFormatterTest_1.feature:4 # Scenario_1
cucumber/runtime/formatter/JUnitFormatterTest_1.feature:9 # Scenario_2

2 Scenarios (2 undefined)
6 Steps (6 undefined)
0m0,000s

P-U
Undefined scenarios:
path/test.feature:2 # scenario name

1 Scenarios (1 undefined)
3 Steps (1 skipped, 1 pending, 1 undefined)
0m0,003s

cucumber.api.PendingException: TODO: implement me
	at cucumber.runner.TestHelper$TestHelperBackendSupplier$1.execute(TestHelper.java:140)
	at cucumber.runner.PickleStepDefinitionMatch.runStep(PickleStepDefinitionMatch.java:50)
	at cucumber.runner.TestStep.executeStep(TestStep.java:63)
	at cucumber.runner.TestStep.run(TestStep.java:49)
	at cucumber.runner.PickleStepTestStep.run(PickleStepTestStep.java:43)
	at cucumber.runner.TestCase.run(TestCase.java:44)
	at cucumber.runner.Runner.runPickle(Runner.java:40)
	at cucumber.runtime.Runtime$1.run(Runtime.java:84)
	at cucumber.runtime.Runtime$SameThreadExecutorService.execute(Runtime.java:220)
	at cucumber.runtime.Runtime.run(Runtime.java:81)
	at cucumber.runner.TestHelper.run(TestHelper.java:309)
	at cucumber.runtime.formatter.JUnitFormatterTest.runFeaturesWithFormatter(JUnitFormatterTest.java:544)
	at cucumber.runtime.formatter.JUnitFormatterTest.should_format_pending_scenario(JUnitFormatterTest.java:151)
	at sun.reflect.NativeMethodAccessorImpl.invoke0(Native Method)
	at sun.reflect.NativeMethodAccessorImpl.invoke(NativeMethodAccessorImpl.java:62)
	at sun.reflect.DelegatingMethodAccessorImpl.invoke(DelegatingMethodAccessorImpl.java:43)
	at java.lang.reflect.Method.invoke(Method.java:498)
	at org.junit.runners.model.FrameworkMethod$1.runReflectiveCall(FrameworkMethod.java:50)
	at org.junit.internal.runners.model.ReflectiveCallable.run(ReflectiveCallable.java:12)
	at org.junit.runners.model.FrameworkMethod.invokeExplosively(FrameworkMethod.java:47)
	at org.junit.internal.runners.statements.InvokeMethod.evaluate(InvokeMethod.java:17)
	at org.junit.runners.ParentRunner.runLeaf(ParentRunner.java:325)
	at org.junit.runners.BlockJUnit4ClassRunner.runChild(BlockJUnit4ClassRunner.java:78)
	at org.junit.runners.BlockJUnit4ClassRunner.runChild(BlockJUnit4ClassRunner.java:57)
	at org.junit.runners.ParentRunner$3.run(ParentRunner.java:290)
	at org.junit.runners.ParentRunner$1.schedule(ParentRunner.java:71)
	at org.junit.runners.ParentRunner.runChildren(ParentRunner.java:288)
	at org.junit.runners.ParentRunner.access$000(ParentRunner.java:58)
	at org.junit.runners.ParentRunner$2.evaluate(ParentRunner.java:268)
	at org.junit.runners.ParentRunner.run(ParentRunner.java:363)
	at org.apache.maven.surefire.junit4.JUnit4Provider.execute(JUnit4Provider.java:365)
	at org.apache.maven.surefire.junit4.JUnit4Provider.executeWithRerun(JUnit4Provider.java:273)
	at org.apache.maven.surefire.junit4.JUnit4Provider.executeTestSet(JUnit4Provider.java:238)
	at org.apache.maven.surefire.junit4.JUnit4Provider.invoke(JUnit4Provider.java:159)
	at org.apache.maven.surefire.booter.ForkedBooter.invokeProviderInSameClassLoader(ForkedBooter.java:383)
	at org.apache.maven.surefire.booter.ForkedBooter.runSuitesInProcess(ForkedBooter.java:344)
	at org.apache.maven.surefire.booter.ForkedBooter.execute(ForkedBooter.java:125)
	at org.apache.maven.surefire.booter.ForkedBooter.main(ForkedBooter.java:417)
	at ?.first step(path/test.feature:3)


..
1 Scenarios (1 passed)
2 Steps (2 passed)
0m0,004s


[INFO] Tests run: 16, Failures: 0, Errors: 0, Skipped: 0, Time elapsed: 0.36 s - in cucumber.runtime.formatter.JUnitFormatterTest
[INFO] Running cucumber.runtime.formatter.MedianUsageStatisticStrategyTest
[INFO] Tests run: 5, Failures: 0, Errors: 0, Skipped: 0, Time elapsed: 0 s - in cucumber.runtime.formatter.MedianUsageStatisticStrategyTest
[INFO] Running cucumber.runtime.formatter.PluginFactoryTest
[INFO] Tests run: 18, Failures: 0, Errors: 0, Skipped: 0, Time elapsed: 2.585 s - in cucumber.runtime.formatter.PluginFactoryTest
[INFO] Running cucumber.runtime.formatter.PluginsTest
[INFO] Tests run: 5, Failures: 0, Errors: 0, Skipped: 0, Time elapsed: 0.122 s - in cucumber.runtime.formatter.PluginsTest
[INFO] Running cucumber.runtime.formatter.PrettyFormatterTest
....
2 Scenarios (2 passed)
4 Steps (4 passed)
0m0,000s


printed from hook.
1 Scenarios (1 passed)
1 Steps (1 passed)
0m0,000s


...
1 Scenarios (1 passed)
3 Steps (3 passed)
0m0,000s


.printed from afterstep hook.printed from afterstep hook
1 Scenarios (1 passed)
2 Steps (2 passed)
0m0,000s


F
Failed scenarios:
path/test.feature:2 # scenario name

1 Scenarios (1 failed)
1 Steps (1 failed)
0m0,000s



..
2 Scenarios (2 passed)
2 Steps (2 passed)
0m0,000s


.printed from hook
1 Scenarios (1 passed)
1 Steps (1 passed)
0m0,000s


....
2 Scenarios (2 passed)
4 Steps (4 passed)
0m0,000s


F
Failed scenarios:
path/test.feature:2 # scenario name

1 Scenarios (1 failed)
1 Steps (1 failed)
0m0,000s



.
1 Scenarios (1 passed)
1 Steps (1 passed)
0m0,000s


....
2 Scenarios (2 passed)
4 Steps (4 passed)
0m0,000s


.F
Failed scenarios:
path/test.feature:2 # scenario name

1 Scenarios (1 failed)
1 Steps (1 passed)
0m0,000s



.
1 Scenarios (1 passed)
1 Steps (1 passed)
0m0,000s


F-
Failed scenarios:
path/test.feature:2 # scenario name

1 Scenarios (1 failed)
1 Steps (1 skipped)
0m0,000s



[INFO] Tests run: 17, Failures: 0, Errors: 0, Skipped: 0, Time elapsed: 0.042 s - in cucumber.runtime.formatter.PrettyFormatterTest
[INFO] Running cucumber.runtime.formatter.RerunFormatterTest
...F
Failed scenarios:
path/test.feature:2 # scenario name

1 Scenarios (1 failed)
3 Steps (3 passed)
0m0,000s



F--
Failed scenarios:
path/test.feature:4 # scenario name

1 Scenarios (1 failed)
3 Steps (1 failed, 2 skipped)
0m0,000s



.PU
Pending scenarios:
path/test.feature:4 # pending scenario

Undefined scenarios:
path/test.feature:6 # undefined scenario

3 Scenarios (1 pending, 1 undefined, 1 passed)
3 Steps (1 pending, 1 undefined, 1 passed)
0m0,000s

cucumber.api.PendingException: TODO: implement me
	at cucumber.runner.TestHelper$TestHelperBackendSupplier$1.execute(TestHelper.java:140)
	at cucumber.runner.PickleStepDefinitionMatch.runStep(PickleStepDefinitionMatch.java:50)
	at cucumber.runner.TestStep.executeStep(TestStep.java:63)
	at cucumber.runner.TestStep.run(TestStep.java:49)
	at cucumber.runner.PickleStepTestStep.run(PickleStepTestStep.java:43)
	at cucumber.runner.TestCase.run(TestCase.java:44)
	at cucumber.runner.Runner.runPickle(Runner.java:40)
	at cucumber.runtime.Runtime$1.run(Runtime.java:84)
	at cucumber.runtime.Runtime$SameThreadExecutorService.execute(Runtime.java:220)
	at cucumber.runtime.Runtime.run(Runtime.java:81)
	at cucumber.runner.TestHelper.run(TestHelper.java:309)
	at cucumber.runtime.formatter.RerunFormatterTest.runFeaturesWithFormatter(RerunFormatterTest.java:216)
	at cucumber.runtime.formatter.RerunFormatterTest.should_leave_report_empty_when_exit_code_is_zero(RerunFormatterTest.java:38)
	at sun.reflect.NativeMethodAccessorImpl.invoke0(Native Method)
	at sun.reflect.NativeMethodAccessorImpl.invoke(NativeMethodAccessorImpl.java:62)
	at sun.reflect.DelegatingMethodAccessorImpl.invoke(DelegatingMethodAccessorImpl.java:43)
	at java.lang.reflect.Method.invoke(Method.java:498)
	at org.junit.runners.model.FrameworkMethod$1.runReflectiveCall(FrameworkMethod.java:50)
	at org.junit.internal.runners.model.ReflectiveCallable.run(ReflectiveCallable.java:12)
	at org.junit.runners.model.FrameworkMethod.invokeExplosively(FrameworkMethod.java:47)
	at org.junit.internal.runners.statements.InvokeMethod.evaluate(InvokeMethod.java:17)
	at org.junit.runners.ParentRunner.runLeaf(ParentRunner.java:325)
	at org.junit.runners.BlockJUnit4ClassRunner.runChild(BlockJUnit4ClassRunner.java:78)
	at org.junit.runners.BlockJUnit4ClassRunner.runChild(BlockJUnit4ClassRunner.java:57)
	at org.junit.runners.ParentRunner$3.run(ParentRunner.java:290)
	at org.junit.runners.ParentRunner$1.schedule(ParentRunner.java:71)
	at org.junit.runners.ParentRunner.runChildren(ParentRunner.java:288)
	at org.junit.runners.ParentRunner.access$000(ParentRunner.java:58)
	at org.junit.runners.ParentRunner$2.evaluate(ParentRunner.java:268)
	at org.junit.runners.ParentRunner.run(ParentRunner.java:363)
	at org.apache.maven.surefire.junit4.JUnit4Provider.execute(JUnit4Provider.java:365)
	at org.apache.maven.surefire.junit4.JUnit4Provider.executeWithRerun(JUnit4Provider.java:273)
	at org.apache.maven.surefire.junit4.JUnit4Provider.executeTestSet(JUnit4Provider.java:238)
	at org.apache.maven.surefire.junit4.JUnit4Provider.invoke(JUnit4Provider.java:159)
	at org.apache.maven.surefire.booter.ForkedBooter.invokeProviderInSameClassLoader(ForkedBooter.java:383)
	at org.apache.maven.surefire.booter.ForkedBooter.runSuitesInProcess(ForkedBooter.java:344)
	at org.apache.maven.surefire.booter.ForkedBooter.execute(ForkedBooter.java:125)
	at org.apache.maven.surefire.booter.ForkedBooter.main(ForkedBooter.java:417)
	at ?.pending step(path/test.feature:5)


..F-
Failed scenarios:
path/test.feature:8 # scenario name

2 Scenarios (1 failed, 1 passed)
4 Steps (1 failed, 1 skipped, 2 passed)
0m0,000s



F---
Failed scenarios:
path/test.feature:2 # scenario name

1 Scenarios (1 failed)
3 Steps (3 skipped)
0m0,000s



FPU
Failed scenarios:
path/test.feature:2 # failed scenario

Pending scenarios:
path/test.feature:4 # pending scenario

Undefined scenarios:
path/test.feature:6 # undefined scenario

3 Scenarios (1 failed, 1 pending, 1 undefined)
3 Steps (1 failed, 1 pending, 1 undefined)
0m0,000s


cucumber.api.PendingException: TODO: implement me
	at cucumber.runner.TestHelper$TestHelperBackendSupplier$1.execute(TestHelper.java:140)
	at cucumber.runner.PickleStepDefinitionMatch.runStep(PickleStepDefinitionMatch.java:50)
	at cucumber.runner.TestStep.executeStep(TestStep.java:63)
	at cucumber.runner.TestStep.run(TestStep.java:49)
	at cucumber.runner.PickleStepTestStep.run(PickleStepTestStep.java:43)
	at cucumber.runner.TestCase.run(TestCase.java:44)
	at cucumber.runner.Runner.runPickle(Runner.java:40)
	at cucumber.runtime.Runtime$1.run(Runtime.java:84)
	at cucumber.runtime.Runtime$SameThreadExecutorService.execute(Runtime.java:220)
	at cucumber.runtime.Runtime.run(Runtime.java:81)
	at cucumber.runner.TestHelper.run(TestHelper.java:309)
	at cucumber.runtime.formatter.RerunFormatterTest.runFeaturesWithFormatter(RerunFormatterTest.java:216)
	at cucumber.runtime.formatter.RerunFormatterTest.should_put_data_in_report_when_exit_code_is_non_zero(RerunFormatterTest.java:58)
	at sun.reflect.NativeMethodAccessorImpl.invoke0(Native Method)
	at sun.reflect.NativeMethodAccessorImpl.invoke(NativeMethodAccessorImpl.java:62)
	at sun.reflect.DelegatingMethodAccessorImpl.invoke(DelegatingMethodAccessorImpl.java:43)
	at java.lang.reflect.Method.invoke(Method.java:498)
	at org.junit.runners.model.FrameworkMethod$1.runReflectiveCall(FrameworkMethod.java:50)
	at org.junit.internal.runners.model.ReflectiveCallable.run(ReflectiveCallable.java:12)
	at org.junit.runners.model.FrameworkMethod.invokeExplosively(FrameworkMethod.java:47)
	at org.junit.internal.runners.statements.InvokeMethod.evaluate(InvokeMethod.java:17)
	at org.junit.runners.ParentRunner.runLeaf(ParentRunner.java:325)
	at org.junit.runners.BlockJUnit4ClassRunner.runChild(BlockJUnit4ClassRunner.java:78)
	at org.junit.runners.BlockJUnit4ClassRunner.runChild(BlockJUnit4ClassRunner.java:57)
	at org.junit.runners.ParentRunner$3.run(ParentRunner.java:290)
	at org.junit.runners.ParentRunner$1.schedule(ParentRunner.java:71)
	at org.junit.runners.ParentRunner.runChildren(ParentRunner.java:288)
	at org.junit.runners.ParentRunner.access$000(ParentRunner.java:58)
	at org.junit.runners.ParentRunner$2.evaluate(ParentRunner.java:268)
	at org.junit.runners.ParentRunner.run(ParentRunner.java:363)
	at org.apache.maven.surefire.junit4.JUnit4Provider.execute(JUnit4Provider.java:365)
	at org.apache.maven.surefire.junit4.JUnit4Provider.executeWithRerun(JUnit4Provider.java:273)
	at org.apache.maven.surefire.junit4.JUnit4Provider.executeTestSet(JUnit4Provider.java:238)
	at org.apache.maven.surefire.junit4.JUnit4Provider.invoke(JUnit4Provider.java:159)
	at org.apache.maven.surefire.booter.ForkedBooter.invokeProviderInSameClassLoader(ForkedBooter.java:383)
	at org.apache.maven.surefire.booter.ForkedBooter.runSuitesInProcess(ForkedBooter.java:344)
	at org.apache.maven.surefire.booter.ForkedBooter.execute(ForkedBooter.java:125)
	at org.apache.maven.surefire.booter.ForkedBooter.main(ForkedBooter.java:417)
	at ?.pending step(path/test.feature:5)


.FF-
Failed scenarios:
path/test.feature:2 # scenario 1 name
path/test.feature:5 # scenario 2 name

2 Scenarios (2 failed)
4 Steps (2 failed, 1 skipped, 1 passed)
0m0,000s




.FF-
Failed scenarios:
path/first.feature:2 # scenario 1 name
path/second.feature:2 # scenario 2 name

2 Scenarios (2 failed)
4 Steps (2 failed, 1 skipped, 1 passed)
0m0,000s




..F
Failed scenarios:
path/test.feature:2 # scenario name

1 Scenarios (1 failed)
3 Steps (1 failed, 2 passed)
0m0,000s



[INFO] Tests run: 9, Failures: 0, Errors: 0, Skipped: 0, Time elapsed: 0.038 s - in cucumber.runtime.formatter.RerunFormatterTest
[INFO] Running cucumber.runtime.formatter.StatsTest
[INFO] Tests run: 11, Failures: 0, Errors: 0, Skipped: 0, Time elapsed: 0 s - in cucumber.runtime.formatter.StatsTest
[INFO] Running cucumber.runtime.formatter.TestNGFormatterTest
..F
Failed scenarios:
path/test.feature:2 # scenario

1 Scenarios (1 failed)
2 Steps (2 passed)
0m0,000s

cucumber.runtime.formatter.TestNGFormatterTest$TestNGException: message
	at cucumber.runner.HookDefinitionMatch.runStep(HookDefinitionMatch.java:16)
	at cucumber.runner.TestStep.executeStep(TestStep.java:63)
	at cucumber.runner.TestStep.run(TestStep.java:49)
	at cucumber.runner.TestCase.run(TestCase.java:48)
	at cucumber.runner.Runner.runPickle(Runner.java:40)
	at cucumber.runtime.Runtime$1.run(Runtime.java:84)
	at cucumber.runtime.Runtime$SameThreadExecutorService.execute(Runtime.java:220)
	at cucumber.runtime.Runtime.run(Runtime.java:81)
	at cucumber.runner.TestHelper.run(TestHelper.java:309)
	at cucumber.runtime.formatter.TestNGFormatterTest.runFeaturesWithFormatter(TestNGFormatterTest.java:363)
	at cucumber.runtime.formatter.TestNGFormatterTest.testScenarioWithFailedAfterHook(TestNGFormatterTest.java:313)
	at sun.reflect.NativeMethodAccessorImpl.invoke0(Native Method)
	at sun.reflect.NativeMethodAccessorImpl.invoke(NativeMethodAccessorImpl.java:62)
	at sun.reflect.DelegatingMethodAccessorImpl.invoke(DelegatingMethodAccessorImpl.java:43)
	at java.lang.reflect.Method.invoke(Method.java:498)
	at org.junit.runners.model.FrameworkMethod$1.runReflectiveCall(FrameworkMethod.java:50)
	at org.junit.internal.runners.model.ReflectiveCallable.run(ReflectiveCallable.java:12)
	at org.junit.runners.model.FrameworkMethod.invokeExplosively(FrameworkMethod.java:47)
	at org.junit.internal.runners.statements.InvokeMethod.evaluate(InvokeMethod.java:17)
	at org.junit.runners.ParentRunner.runLeaf(ParentRunner.java:325)
	at org.junit.runners.BlockJUnit4ClassRunner.runChild(BlockJUnit4ClassRunner.java:78)
	at org.junit.runners.BlockJUnit4ClassRunner.runChild(BlockJUnit4ClassRunner.java:57)
	at org.junit.runners.ParentRunner$3.run(ParentRunner.java:290)
	at org.junit.runners.ParentRunner$1.schedule(ParentRunner.java:71)
	at org.junit.runners.ParentRunner.runChildren(ParentRunner.java:288)
	at org.junit.runners.ParentRunner.access$000(ParentRunner.java:58)
	at org.junit.runners.ParentRunner$2.evaluate(ParentRunner.java:268)
	at org.junit.runners.ParentRunner.run(ParentRunner.java:363)
	at org.apache.maven.surefire.junit4.JUnit4Provider.execute(JUnit4Provider.java:365)
	at org.apache.maven.surefire.junit4.JUnit4Provider.executeWithRerun(JUnit4Provider.java:273)
	at org.apache.maven.surefire.junit4.JUnit4Provider.executeTestSet(JUnit4Provider.java:238)
	at org.apache.maven.surefire.junit4.JUnit4Provider.invoke(JUnit4Provider.java:159)
	at org.apache.maven.surefire.booter.ForkedBooter.invokeProviderInSameClassLoader(ForkedBooter.java:383)
	at org.apache.maven.surefire.booter.ForkedBooter.runSuitesInProcess(ForkedBooter.java:344)
	at org.apache.maven.surefire.booter.ForkedBooter.execute(ForkedBooter.java:125)
	at org.apache.maven.surefire.booter.ForkedBooter.main(ForkedBooter.java:417)


F--
Failed scenarios:
path/test.feature:2 # scenario

1 Scenarios (1 failed)
2 Steps (2 skipped)
0m0,000s

cucumber.runtime.formatter.TestNGFormatterTest$TestNGException: message
	at cucumber.runner.HookDefinitionMatch.runStep(HookDefinitionMatch.java:16)
	at cucumber.runner.TestStep.executeStep(TestStep.java:63)
	at cucumber.runner.TestStep.run(TestStep.java:49)
	at cucumber.runner.TestCase.run(TestCase.java:40)
	at cucumber.runner.Runner.runPickle(Runner.java:40)
	at cucumber.runtime.Runtime$1.run(Runtime.java:84)
	at cucumber.runtime.Runtime$SameThreadExecutorService.execute(Runtime.java:220)
	at cucumber.runtime.Runtime.run(Runtime.java:81)
	at cucumber.runner.TestHelper.run(TestHelper.java:309)
	at cucumber.runtime.formatter.TestNGFormatterTest.runFeaturesWithFormatter(TestNGFormatterTest.java:363)
	at cucumber.runtime.formatter.TestNGFormatterTest.testScenarioWithFailedBeforeHook(TestNGFormatterTest.java:281)
	at sun.reflect.NativeMethodAccessorImpl.invoke0(Native Method)
	at sun.reflect.NativeMethodAccessorImpl.invoke(NativeMethodAccessorImpl.java:62)
	at sun.reflect.DelegatingMethodAccessorImpl.invoke(DelegatingMethodAccessorImpl.java:43)
	at java.lang.reflect.Method.invoke(Method.java:498)
	at org.junit.runners.model.FrameworkMethod$1.runReflectiveCall(FrameworkMethod.java:50)
	at org.junit.internal.runners.model.ReflectiveCallable.run(ReflectiveCallable.java:12)
	at org.junit.runners.model.FrameworkMethod.invokeExplosively(FrameworkMethod.java:47)
	at org.junit.internal.runners.statements.InvokeMethod.evaluate(InvokeMethod.java:17)
	at org.junit.runners.ParentRunner.runLeaf(ParentRunner.java:325)
	at org.junit.runners.BlockJUnit4ClassRunner.runChild(BlockJUnit4ClassRunner.java:78)
	at org.junit.runners.BlockJUnit4ClassRunner.runChild(BlockJUnit4ClassRunner.java:57)
	at org.junit.runners.ParentRunner$3.run(ParentRunner.java:290)
	at org.junit.runners.ParentRunner$1.schedule(ParentRunner.java:71)
	at org.junit.runners.ParentRunner.runChildren(ParentRunner.java:288)
	at org.junit.runners.ParentRunner.access$000(ParentRunner.java:58)
	at org.junit.runners.ParentRunner$2.evaluate(ParentRunner.java:268)
	at org.junit.runners.ParentRunner.run(ParentRunner.java:363)
	at org.apache.maven.surefire.junit4.JUnit4Provider.execute(JUnit4Provider.java:365)
	at org.apache.maven.surefire.junit4.JUnit4Provider.executeWithRerun(JUnit4Provider.java:273)
	at org.apache.maven.surefire.junit4.JUnit4Provider.executeTestSet(JUnit4Provider.java:238)
	at org.apache.maven.surefire.junit4.JUnit4Provider.invoke(JUnit4Provider.java:159)
	at org.apache.maven.surefire.booter.ForkedBooter.invokeProviderInSameClassLoader(ForkedBooter.java:383)
	at org.apache.maven.surefire.booter.ForkedBooter.runSuitesInProcess(ForkedBooter.java:344)
	at org.apache.maven.surefire.booter.ForkedBooter.execute(ForkedBooter.java:125)
	at org.apache.maven.surefire.booter.ForkedBooter.main(ForkedBooter.java:417)


UUUU
Undefined scenarios:
path/test.feature:5 # scenario

1 Scenarios (1 undefined)
4 Steps (4 undefined)
0m0,000s


......
3 Scenarios (3 passed)
6 Steps (6 passed)
0m0,012s


UU
Undefined scenarios:
path/test.feature:2 # scenario

1 Scenarios (1 undefined)
2 Steps (2 undefined)
0m0,000s


UUUU
Undefined scenarios:
path/test.feature:7 # scenario
path/test.feature:8 # scenario

2 Scenarios (2 undefined)
4 Steps (4 undefined)
0m0,000s


UU
Undefined scenarios:
path/test.feature:2 # scenario

1 Scenarios (1 undefined)
2 Steps (2 undefined)
0m0,000s


F-
Failed scenarios:
path/test.feature:2 # scenario

1 Scenarios (1 failed)
2 Steps (1 failed, 1 skipped)
0m0,000s

cucumber.runtime.formatter.TestNGFormatterTest$TestNGException: message
	at cucumber.runtime.formatter.TestNGFormatterTest.testScenarioWithFailedSteps(TestNGFormatterTest.java:126)
	at sun.reflect.NativeMethodAccessorImpl.invoke0(Native Method)
	at sun.reflect.NativeMethodAccessorImpl.invoke(NativeMethodAccessorImpl.java:62)
	at sun.reflect.DelegatingMethodAccessorImpl.invoke(DelegatingMethodAccessorImpl.java:43)
	at java.lang.reflect.Method.invoke(Method.java:498)
	at org.junit.runners.model.FrameworkMethod$1.runReflectiveCall(FrameworkMethod.java:50)
	at org.junit.internal.runners.model.ReflectiveCallable.run(ReflectiveCallable.java:12)
	at org.junit.runners.model.FrameworkMethod.invokeExplosively(FrameworkMethod.java:47)
	at org.junit.internal.runners.statements.InvokeMethod.evaluate(InvokeMethod.java:17)
	at org.junit.runners.ParentRunner.runLeaf(ParentRunner.java:325)
	at org.junit.runners.BlockJUnit4ClassRunner.runChild(BlockJUnit4ClassRunner.java:78)
	at org.junit.runners.BlockJUnit4ClassRunner.runChild(BlockJUnit4ClassRunner.java:57)
	at org.junit.runners.ParentRunner$3.run(ParentRunner.java:290)
	at org.junit.runners.ParentRunner$1.schedule(ParentRunner.java:71)
	at org.junit.runners.ParentRunner.runChildren(ParentRunner.java:288)
	at org.junit.runners.ParentRunner.access$000(ParentRunner.java:58)
	at org.junit.runners.ParentRunner$2.evaluate(ParentRunner.java:268)
	at org.junit.runners.ParentRunner.run(ParentRunner.java:363)
	at org.apache.maven.surefire.junit4.JUnit4Provider.execute(JUnit4Provider.java:365)
	at org.apache.maven.surefire.junit4.JUnit4Provider.executeWithRerun(JUnit4Provider.java:273)
	at org.apache.maven.surefire.junit4.JUnit4Provider.executeTestSet(JUnit4Provider.java:238)
	at org.apache.maven.surefire.junit4.JUnit4Provider.invoke(JUnit4Provider.java:159)
	at org.apache.maven.surefire.booter.ForkedBooter.invokeProviderInSameClassLoader(ForkedBooter.java:383)
	at org.apache.maven.surefire.booter.ForkedBooter.runSuitesInProcess(ForkedBooter.java:344)
	at org.apache.maven.surefire.booter.ForkedBooter.execute(ForkedBooter.java:125)
	at org.apache.maven.surefire.booter.ForkedBooter.main(ForkedBooter.java:417)
	at ?.step1(path/test.feature:3)


P-
Pending scenarios:
path/test.feature:2 # scenario

1 Scenarios (1 pending)
2 Steps (1 skipped, 1 pending)
0m0,000s

cucumber.api.PendingException: TODO: implement me
	at cucumber.runner.TestHelper$TestHelperBackendSupplier$1.execute(TestHelper.java:140)
	at cucumber.runner.PickleStepDefinitionMatch.runStep(PickleStepDefinitionMatch.java:50)
	at cucumber.runner.TestStep.executeStep(TestStep.java:63)
	at cucumber.runner.TestStep.run(TestStep.java:49)
	at cucumber.runner.PickleStepTestStep.run(PickleStepTestStep.java:43)
	at cucumber.runner.TestCase.run(TestCase.java:44)
	at cucumber.runner.Runner.runPickle(Runner.java:40)
	at cucumber.runtime.Runtime$1.run(Runtime.java:84)
	at cucumber.runtime.Runtime$SameThreadExecutorService.execute(Runtime.java:220)
	at cucumber.runtime.Runtime.run(Runtime.java:81)
	at cucumber.runner.TestHelper.run(TestHelper.java:309)
	at cucumber.runtime.formatter.TestNGFormatterTest.runFeaturesWithFormatter(TestNGFormatterTest.java:363)
	at cucumber.runtime.formatter.TestNGFormatterTest.testScenarioWithPendingSteps(TestNGFormatterTest.java:104)
	at sun.reflect.NativeMethodAccessorImpl.invoke0(Native Method)
	at sun.reflect.NativeMethodAccessorImpl.invoke(NativeMethodAccessorImpl.java:62)
	at sun.reflect.DelegatingMethodAccessorImpl.invoke(DelegatingMethodAccessorImpl.java:43)
	at java.lang.reflect.Method.invoke(Method.java:498)
	at org.junit.runners.model.FrameworkMethod$1.runReflectiveCall(FrameworkMethod.java:50)
	at org.junit.internal.runners.model.ReflectiveCallable.run(ReflectiveCallable.java:12)
	at org.junit.runners.model.FrameworkMethod.invokeExplosively(FrameworkMethod.java:47)
	at org.junit.internal.runners.statements.InvokeMethod.evaluate(InvokeMethod.java:17)
	at org.junit.runners.ParentRunner.runLeaf(ParentRunner.java:325)
	at org.junit.runners.BlockJUnit4ClassRunner.runChild(BlockJUnit4ClassRunner.java:78)
	at org.junit.runners.BlockJUnit4ClassRunner.runChild(BlockJUnit4ClassRunner.java:57)
	at org.junit.runners.ParentRunner$3.run(ParentRunner.java:290)
	at org.junit.runners.ParentRunner$1.schedule(ParentRunner.java:71)
	at org.junit.runners.ParentRunner.runChildren(ParentRunner.java:288)
	at org.junit.runners.ParentRunner.access$000(ParentRunner.java:58)
	at org.junit.runners.ParentRunner$2.evaluate(ParentRunner.java:268)
	at org.junit.runners.ParentRunner.run(ParentRunner.java:363)
	at org.apache.maven.surefire.junit4.JUnit4Provider.execute(JUnit4Provider.java:365)
	at org.apache.maven.surefire.junit4.JUnit4Provider.executeWithRerun(JUnit4Provider.java:273)
	at org.apache.maven.surefire.junit4.JUnit4Provider.executeTestSet(JUnit4Provider.java:238)
	at org.apache.maven.surefire.junit4.JUnit4Provider.invoke(JUnit4Provider.java:159)
	at org.apache.maven.surefire.booter.ForkedBooter.invokeProviderInSameClassLoader(ForkedBooter.java:383)
	at org.apache.maven.surefire.booter.ForkedBooter.runSuitesInProcess(ForkedBooter.java:344)
	at org.apache.maven.surefire.booter.ForkedBooter.execute(ForkedBooter.java:125)
	at org.apache.maven.surefire.booter.ForkedBooter.main(ForkedBooter.java:417)
	at ?.step1(path/test.feature:3)


..
1 Scenarios (1 passed)
2 Steps (2 passed)
0m0,000s


[INFO] Tests run: 10, Failures: 0, Errors: 0, Skipped: 0, Time elapsed: 0.18 s - in cucumber.runtime.formatter.TestNGFormatterTest
[INFO] Running cucumber.runtime.formatter.TimelineFormatterTest

Failed scenarios:
some\windows\path\failing.feature:7 # Scenario 1
some\windows\path\failing.feature:11 # Scenario 2

Undefined scenarios:
some\windows\path\pending.feature:6 # Scenario 1

4 Scenarios (2 failed, 1 undefined, 1 passed)
24 Steps (2 failed, 1 undefined, 21 passed)
0m24,000s




Failed scenarios:
some\windows\path\failing.feature:7 # Scenario 1
some\windows\path\failing.feature:11 # Scenario 2

Undefined scenarios:
some\windows\path\pending.feature:6 # Scenario 1

4 Scenarios (2 failed, 1 undefined, 1 passed)
24 Steps (2 failed, 1 undefined, 21 passed)
0m0,000s




Failed scenarios:
some\windows\path\failing.feature:7 # Scenario 1
some\windows\path\failing.feature:11 # Scenario 2

Undefined scenarios:
some\windows\path\pending.feature:6 # Scenario 1

4 Scenarios (2 failed, 1 undefined, 1 passed)
24 Steps (2 failed, 1 undefined, 21 passed)
0m24,000s



[INFO] Tests run: 3, Failures: 0, Errors: 0, Skipped: 0, Time elapsed: 0.317 s - in cucumber.runtime.formatter.TimelineFormatterTest
[INFO] Running cucumber.runtime.formatter.UsageFormatterTest
[INFO] Tests run: 7, Failures: 0, Errors: 0, Skipped: 0, Time elapsed: 0 s - in cucumber.runtime.formatter.UsageFormatterTest
[INFO] Running cucumber.runtime.io.DelegatingResourceIteratorFactoryTest
[INFO] Tests run: 1, Failures: 0, Errors: 0, Skipped: 0, Time elapsed: 0 s - in cucumber.runtime.io.DelegatingResourceIteratorFactoryTest
[INFO] Running cucumber.runtime.io.FileResourceTest
[INFO] Tests run: 2, Failures: 0, Errors: 0, Skipped: 0, Time elapsed: 0.001 s - in cucumber.runtime.io.FileResourceTest
[INFO] Running cucumber.runtime.io.FlatteningIteratorTest
[INFO] Tests run: 1, Failures: 0, Errors: 0, Skipped: 0, Time elapsed: 0.001 s - in cucumber.runtime.io.FlatteningIteratorTest
[INFO] Running cucumber.runtime.io.HelpersTest
[INFO] Tests run: 2, Failures: 0, Errors: 0, Skipped: 0, Time elapsed: 0.088 s - in cucumber.runtime.io.HelpersTest
[INFO] Running cucumber.runtime.io.ResourceLoaderTest
[INFO] Tests run: 3, Failures: 0, Errors: 0, Skipped: 0, Time elapsed: 0 s - in cucumber.runtime.io.ResourceLoaderTest
[INFO] Running cucumber.runtime.io.URLOutputStreamTest
[INFO] Tests run: 6, Failures: 0, Errors: 0, Skipped: 0, Time elapsed: 0.666 s - in cucumber.runtime.io.URLOutputStreamTest
[INFO] Running cucumber.runtime.io.ZipResourceIteratorFactoryTest
[INFO] Tests run: 1, Failures: 0, Errors: 0, Skipped: 0, Time elapsed: 0 s - in cucumber.runtime.io.ZipResourceIteratorFactoryTest
[INFO] Running cucumber.runtime.MethodFormatTest
[INFO] Tests run: 3, Failures: 0, Errors: 0, Skipped: 0, Time elapsed: 0 s - in cucumber.runtime.MethodFormatTest
[INFO] Running cucumber.runtime.model.CucumberFeatureTest
[INFO] Tests run: 14, Failures: 0, Errors: 0, Skipped: 0, Time elapsed: 0.05 s - in cucumber.runtime.model.CucumberFeatureTest
[INFO] Running cucumber.runtime.model.FeatureBuilderTest
[INFO] Tests run: 3, Failures: 0, Errors: 0, Skipped: 0, Time elapsed: 0 s - in cucumber.runtime.model.FeatureBuilderTest
[INFO] Running cucumber.runtime.model.PathWithLinesTest
[INFO] Tests run: 3, Failures: 0, Errors: 0, Skipped: 0, Time elapsed: 0 s - in cucumber.runtime.model.PathWithLinesTest
[INFO] Running cucumber.runtime.RuntimeOptionsFactoryTest
[INFO] Tests run: 18, Failures: 0, Errors: 0, Skipped: 0, Time elapsed: 0.015 s - in cucumber.runtime.RuntimeOptionsFactoryTest
[INFO] Running cucumber.runtime.RuntimeOptionsTest
Usage: java cucumber.api.cli.Main [options] [[[FILE|DIR][:LINE[:LINE]*] ]+ | @FILE ]

Options:

  --threads COUNT                        Number of threads to run tests under. 
                                         Defaults to 1.
  -g, --glue PATH                        Where glue code (step definitions, hooks
                                         and plugins) are loaded from.
  -p, --[add-]plugin PLUGIN[:PATH_OR_URL]
                                         Register a plugin.
                                         Built-in formatter PLUGIN types: junit,
                                         html, pretty, progress, json, usage, rerun,
                                         testng. Built-in summary PLUGIN types:
                                         default_summary, null_summary. PLUGIN can
                                         also be a fully qualified class name, allowing
                                         registration of 3rd party plugins.
                                         --add-plugin does not clobber plugins of that 
                                         type defined from a different source.
  -t, --tags TAG_EXPRESSION              Only run scenarios tagged with tags matching
                                         TAG_EXPRESSION.
  -n, --name REGEXP                      Only run scenarios whose names match REGEXP.
  -d, --[no-]dry-run                    Skip execution of glue code.
  -m, --[no-]monochrome                 Don't colour terminal output.
  -s, --[no-]strict                     Treat undefined and pending steps as errors.
      --snippets [underscore|camelcase]  Naming convention for generated snippets.
                                         Defaults to underscore.
  -v, --version                          Print version.
  -h, --help                             You're looking at it.
  --i18n LANG                            List keywords for in a particular language
                                         Run with "--i18n help" to see all languages
  --junit,OPTION[,OPTION]*               Pass the OPTION(s) to the JUnit module.
                                         Use --junit,-h or --junit,--help to print the
                                         options of the JUnit module.
  -w, --wip                              Fail if there are any passing scenarios.

Feature path examples:
  <path>                                 Load the files with the extension ".feature"
                                         for the directory <path>
                                         and its sub directories.
  <path>/<name>.feature                  Load the feature file <path>/<name>.feature
                                         from the file system.
  classpath:<path>/<name>.feature        Load the feature file <path>/<name>.feature
                                         from the classpath.
  <path>/<name>.feature:3:9              Load the scenarios on line 3 and line 9 in
                                         the file <path>/<name>.feature.
  @<path>/<file>                         Parse <path>/<file> for feature paths generated
                                         by the rerun formatter.

[INFO] Tests run: 49, Failures: 0, Errors: 0, Skipped: 0, Time elapsed: 0.039 s - in cucumber.runtime.RuntimeOptionsTest
[INFO] Running cucumber.runtime.RuntimeTest
UU
Undefined scenarios:
test.feature:4 # scenario name

1 Scenarios (1 undefined)
2 Steps (2 undefined)
0m0,001s


...
1 Scenarios (1 passed)
3 Steps (3 passed)
0m0,002s


Got no path to feature directory or feature file

0 Scenarios
0 Steps
0m0,001s


....
4 Scenarios (4 passed)
4 Steps (4 passed)
0m0,008s


Got no path to feature directory or feature file

0 Scenarios
0 Steps
0m0,000s


.........
3 Scenarios (3 passed)
9 Steps (9 passed)
0m0,002s


.....
2 Scenarios (2 passed)
5 Steps (5 passed)
0m0,002s


[INFO] Tests run: 19, Failures: 0, Errors: 0, Skipped: 0, Time elapsed: 0.032 s - in cucumber.runtime.RuntimeTest
[INFO] Running cucumber.runtime.ShellwordsTest
[INFO] Tests run: 4, Failures: 0, Errors: 0, Skipped: 0, Time elapsed: 0.009 s - in cucumber.runtime.ShellwordsTest
[INFO] Running cucumber.runtime.snippets.ArgumentPatternTest
[INFO] Tests run: 3, Failures: 0, Errors: 0, Skipped: 0, Time elapsed: 0 s - in cucumber.runtime.snippets.ArgumentPatternTest
[INFO] Running cucumber.runtime.snippets.FunctionNameGeneratorTest
[INFO] Tests run: 8, Failures: 0, Errors: 0, Skipped: 0, Time elapsed: 0 s - in cucumber.runtime.snippets.FunctionNameGeneratorTest
[INFO] Running cucumber.runtime.ThreadLocalRunnerSupplierTest
[INFO] Tests run: 5, Failures: 0, Errors: 0, Skipped: 0, Time elapsed: 0.269 s - in cucumber.runtime.ThreadLocalRunnerSupplierTest
[INFO] Running cucumber.runtime.TimeoutTest
[INFO] Tests run: 6, Failures: 0, Errors: 0, Skipped: 0, Time elapsed: 3.401 s - in cucumber.runtime.TimeoutTest
[INFO] Running cucumber.runtime.UndefinedStepsTrackerTest
[INFO] Tests run: 9, Failures: 0, Errors: 0, Skipped: 0, Time elapsed: 0.02 s - in cucumber.runtime.UndefinedStepsTrackerTest
[INFO] Running cucumber.runtime.UtilsTest
[INFO] Tests run: 3, Failures: 0, Errors: 0, Skipped: 0, Time elapsed: 0 s - in cucumber.runtime.UtilsTest
[INFO] Running io.cucumber.stepexpression.StepExpressionFactoryTest
[INFO] Tests run: 5, Failures: 0, Errors: 0, Skipped: 0, Time elapsed: 0.02 s - in io.cucumber.stepexpression.StepExpressionFactoryTest
[INFO] Running io.cucumber.stepexpression.TypeRegistryTest
[INFO] Tests run: 5, Failures: 0, Errors: 0, Skipped: 0, Time elapsed: 0 s - in io.cucumber.stepexpression.TypeRegistryTest
[INFO] 
[INFO] Results:
[INFO] 
[INFO] Tests run: 470, Failures: 0, Errors: 0, Skipped: 0
[INFO] 
[INFO] 
[INFO] --- jacoco-maven-plugin:0.8.2:report (post-unit-test) @ cucumber-core ---
[INFO] Loading execution data file C:\projects\src.2018.4\cucumber-jvm-hko\cucumber-jvm\core\target\coverage-reports\jacoco-ut.exec
[INFO] Analyzed bundle 'Cucumber-JVM: Core' with 241 classes
[INFO] 
[INFO] --- maven-jar-plugin:3.0.2:jar (default-jar) @ cucumber-core ---
[INFO] Building jar: C:\projects\src.2018.4\cucumber-jvm-hko\cucumber-jvm\core\target\cucumber-core-4.2.1-SNAPSHOT.jar
[INFO] 
[INFO] --- maven-install-plugin:3.0.0-M1:install (default-install) @ cucumber-core ---
[INFO] Installing C:\projects\src.2018.4\cucumber-jvm-hko\cucumber-jvm\core\target\cucumber-core-4.2.1-SNAPSHOT.jar to C:\Users\Heiko\.m2\repository\io\cucumber\cucumber-core\4.2.1-SNAPSHOT\cucumber-core-4.2.1-SNAPSHOT.jar
[INFO] Installing C:\projects\src.2018.4\cucumber-jvm-hko\cucumber-jvm\core\pom_swtbot.xml to C:\Users\Heiko\.m2\repository\io\cucumber\cucumber-core\4.2.1-SNAPSHOT\cucumber-core-4.2.1-SNAPSHOT.pom
[INFO] ------------------------------------------------------------------------
[INFO] Reactor Summary for Cucumber-JVM 4.2.1-SNAPSHOT:
[INFO] 
[INFO] Cucumber-JVM ....................................... SUCCESS [  1.240 s]
[INFO] Cucumber-JVM: Core ................................. SUCCESS [ 26.407 s]
[INFO] ------------------------------------------------------------------------
[INFO] BUILD SUCCESS
[INFO] ------------------------------------------------------------------------
[INFO] Total time:  29.561 s
[INFO] Finished at: 2018-12-20T10:35:18+01:00
[INFO] ------------------------------------------------------------------------
